<?xml version="1.0" encoding="UTF-8"?>
<coverage generated="1774444795236" clover="3.2.0">
  <project timestamp="1774444795236" name="All files">
    <metrics statements="68" coveredstatements="49" conditionals="48" coveredconditionals="36" methods="8" coveredmethods="5" elements="124" coveredelements="90" complexity="0" loc="68" ncloc="68" packages="2" files="2" classes="2"/>
    <package name="config">
      <metrics statements="11" coveredstatements="11" conditionals="16" coveredconditionals="15" methods="0" coveredmethods="0"/>
      <file name="stellar.ts" path="C:\Users\samwi\Amana\backend\src\config\stellar.ts">
        <metrics statements="11" coveredstatements="11" conditionals="16" coveredconditionals="15" methods="0" coveredmethods="0"/>
        <line num="1" count="5" type="stmt"/>
        <line num="4" count="5" type="cond" truecount="2" falsecount="0"/>
        <line num="5" count="5" type="cond" truecount="2" falsecount="0"/>
        <line num="8" count="5" type="stmt"/>
        <line num="12" count="5" type="cond" truecount="2" falsecount="0"/>
        <line num="16" count="5" type="stmt"/>
        <line num="19" count="5" type="cond" truecount="1" falsecount="1"/>
        <line num="20" count="5" type="stmt"/>
        <line num="23" count="5" type="cond" truecount="2" falsecount="0"/>
        <line num="27" count="5" type="stmt"/>
        <line num="32" count="5" type="cond" truecount="2" falsecount="0"/>
      </file>
    </package>
    <package name="services">
      <metrics statements="57" coveredstatements="38" conditionals="32" coveredconditionals="21" methods="8" coveredmethods="5"/>
      <file name="stellar.service.ts" path="C:\Users\samwi\Amana\backend\src\services\stellar.service.ts">
        <metrics statements="57" coveredstatements="38" conditionals="32" coveredconditionals="21" methods="8" coveredmethods="5"/>
        <line num="1" count="1" type="stmt"/>
        <line num="2" count="1" type="stmt"/>
        <line num="8" count="1" type="stmt"/>
        <line num="14" count="20" type="stmt"/>
        <line num="15" count="20" type="stmt"/>
        <line num="16" count="20" type="stmt"/>
        <line num="21" count="0" type="stmt"/>
        <line num="25" count="0" type="stmt"/>
        <line num="29" count="8" type="stmt"/>
        <line num="30" count="8" type="stmt"/>
        <line num="31" count="5" type="stmt"/>
        <line num="32" count="5" type="cond" truecount="2" falsecount="0"/>
        <line num="33" count="2" type="stmt"/>
        <line num="35" count="3" type="stmt"/>
        <line num="37" count="5" type="cond" truecount="2" falsecount="0"/>
        <line num="39" count="3" type="stmt"/>
        <line num="40" count="3" type="stmt"/>
        <line num="45" count="0" type="stmt"/>
        <line num="47" count="0" type="stmt"/>
        <line num="50" count="0" type="stmt"/>
        <line num="56" count="0" type="stmt"/>
        <line num="57" count="0" type="stmt"/>
        <line num="61" count="0" type="stmt"/>
        <line num="64" count="0" type="stmt"/>
        <line num="65" count="0" type="stmt"/>
        <line num="67" count="0" type="cond" truecount="0" falsecount="4"/>
        <line num="68" count="0" type="stmt"/>
        <line num="69" count="0" type="stmt"/>
        <line num="71" count="0" type="cond" truecount="0" falsecount="4"/>
        <line num="72" count="0" type="stmt"/>
        <line num="73" count="0" type="stmt"/>
        <line num="75" count="0" type="stmt"/>
        <line num="76" count="0" type="cond" truecount="0" falsecount="2"/>
        <line num="81" count="13" type="stmt"/>
        <line num="83" count="13" type="stmt"/>
        <line num="86" count="12" type="stmt"/>
        <line num="89" count="11" type="stmt"/>
        <line num="92" count="11" type="cond" truecount="2" falsecount="0"/>
        <line num="94" count="9" type="cond" truecount="2" falsecount="0"/>
        <line num="96" count="6" type="stmt"/>
        <line num="97" count="6" type="stmt"/>
        <line num="98" count="6" type="stmt"/>
        <line num="101" count="3" type="stmt"/>
        <line num="102" count="3" type="stmt"/>
        <line num="107" count="2" type="stmt"/>
        <line num="110" count="11" type="cond" truecount="4" falsecount="0"/>
        <line num="111" count="1" type="stmt"/>
        <line num="112" count="1" type="stmt"/>
        <line num="116" count="10" type="cond" truecount="5" falsecount="0"/>
        <line num="117" count="9" type="stmt"/>
        <line num="121" count="1" type="stmt"/>
        <line num="122" count="1" type="cond" truecount="1" falsecount="1"/>
        <line num="128" count="6" type="stmt"/>
        <line num="129" count="6" type="cond" truecount="2" falsecount="0"/>
        <line num="130" count="2" type="stmt"/>
        <line num="133" count="4" type="stmt"/>
        <line num="135" count="0" type="stmt"/>
      </file>
    </package>
  </project>
</coverage>
