{"C:\\Users\\samwi\\Amana\\backend\\src\\config\\stellar.ts": {"path":"C:\\Users\\samwi\\Amana\\backend\\src\\config\\stellar.ts","statementMap":{"0":{"start":{"line":1,"column":0},"end":{"line":1,"column":69}},"1":{"start":{"line":4,"column":23},"end":{"line":4,"column":63}},"2":{"start":{"line":5,"column":22},"end":{"line":5,"column":55}},"3":{"start":{"line":8,"column":13},"end":{"line":9,"column":55}},"4":{"start":{"line":12,"column":19},"end":{"line":14,"column":33}},"5":{"start":{"line":16,"column":13},"end":{"line":16,"column":60}},"6":{"start":{"line":19,"column":0},"end":{"line":21,"column":1}},"7":{"start":{"line":20,"column":2},"end":{"line":20,"column":74}},"8":{"start":{"line":23,"column":22},"end":{"line":25,"column":37}},"9":{"start":{"line":27,"column":13},"end":{"line":29,"column":2}},"10":{"start":{"line":32,"column":13},"end":{"line":34,"column":20}}},"fnMap":{},"branchMap":{"0":{"loc":{"start":{"line":4,"column":23},"end":{"line":4,"column":63}},"type":"binary-expr","locations":[{"start":{"line":4,"column":23},"end":{"line":4,"column":50}},{"start":{"line":4,"column":54},"end":{"line":4,"column":63}}]},"1":{"loc":{"start":{"line":5,"column":22},"end":{"line":5,"column":55}},"type":"binary-expr","locations":[{"start":{"line":5,"column":22},"end":{"line":5,"column":49}},{"start":{"line":5,"column":53},"end":{"line":5,"column":55}}]},"2":{"loc":{"start":{"line":9,"column":2},"end":{"line":9,"column":54}},"type":"cond-expr","locations":[{"start":{"line":9,"column":33},"end":{"line":9,"column":42}},{"start":{"line":9,"column":45},"end":{"line":9,"column":54}}]},"3":{"loc":{"start":{"line":12,"column":19},"end":{"line":14,"column":33}},"type":"cond-expr","locations":[{"start":{"line":13,"column":4},"end":{"line":13,"column":41}},{"start":{"line":14,"column":4},"end":{"line":14,"column":33}}]},"4":{"loc":{"start":{"line":19,"column":0},"end":{"line":21,"column":1}},"type":"if","locations":[{"start":{"line":19,"column":0},"end":{"line":21,"column":1}},{"start":{},"end":{}}]},"5":{"loc":{"start":{"line":23,"column":22},"end":{"line":25,"column":37}},"type":"cond-expr","locations":[{"start":{"line":24,"column":4},"end":{"line":24,"column":41}},{"start":{"line":25,"column":4},"end":{"line":25,"column":37}}]},"6":{"loc":{"start":{"line":28,"column":2},"end":{"line":28,"column":32}},"type":"binary-expr","locations":[{"start":{"line":28,"column":2},"end":{"line":28,"column":15}},{"start":{"line":28,"column":19},"end":{"line":28,"column":32}}]},"7":{"loc":{"start":{"line":32,"column":33},"end":{"line":34,"column":19}},"type":"cond-expr","locations":[{"start":{"line":33,"column":4},"end":{"line":33,"column":20}},{"start":{"line":34,"column":4},"end":{"line":34,"column":19}}]}},"s":{"0":5,"1":5,"2":5,"3":5,"4":5,"5":5,"6":5,"7":5,"8":5,"9":5,"10":5},"f":{},"b":{"0":[5,2],"1":[5,5],"2":[1,4],"3":[4,1],"4":[5,0],"5":[4,1],"6":[5,5],"7":[4,1]}}
,"C:\\Users\\samwi\\Amana\\backend\\src\\services\\stellar.service.ts": {"path":"C:\\Users\\samwi\\Amana\\backend\\src\\services\\stellar.service.ts","statementMap":{"0":{"start":{"line":1,"column":0},"end":{"line":1,"column":94}},"1":{"start":{"line":2,"column":0},"end":{"line":2,"column":null}},"2":{"start":{"line":14,"column":4},"end":{"line":14,"column":39}},"3":{"start":{"line":15,"column":4},"end":{"line":15,"column":39}},"4":{"start":{"line":16,"column":4},"end":{"line":16,"column":47}},"5":{"start":{"line":21,"column":4},"end":{"line":21,"column":30}},"6":{"start":{"line":25,"column":4},"end":{"line":25,"column":34}},"7":{"start":{"line":29,"column":4},"end":{"line":41,"column":5}},"8":{"start":{"line":30,"column":22},"end":{"line":30,"column":69}},"9":{"start":{"line":31,"column":22},"end":{"line":36,"column":8}},"10":{"start":{"line":32,"column":8},"end":{"line":34,"column":9}},"11":{"start":{"line":33,"column":10},"end":{"line":33,"column":43}},"12":{"start":{"line":35,"column":8},"end":{"line":35,"column":42}},"13":{"start":{"line":37,"column":6},"end":{"line":37,"column":45}},"14":{"start":{"line":39,"column":6},"end":{"line":39,"column":70}},"15":{"start":{"line":40,"column":6},"end":{"line":40,"column":49}},"16":{"start":{"line":45,"column":4},"end":{"line":77,"column":5}},"17":{"start":{"line":47,"column":22},"end":{"line":47,"column":73}},"18":{"start":{"line":50,"column":33},"end":{"line":53,"column":8}},"19":{"start":{"line":56,"column":6},"end":{"line":58,"column":7}},"20":{"start":{"line":57,"column":8},"end":{"line":57,"column":51}},"21":{"start":{"line":61,"column":6},"end":{"line":61,"column":41}},"22":{"start":{"line":64,"column":26},"end":{"line":64,"column":52}},"23":{"start":{"line":65,"column":6},"end":{"line":65,"column":33}},"24":{"start":{"line":67,"column":6},"end":{"line":70,"column":7}},"25":{"start":{"line":68,"column":8},"end":{"line":68,"column":75}},"26":{"start":{"line":69,"column":8},"end":{"line":69,"column":57}},"27":{"start":{"line":71,"column":6},"end":{"line":74,"column":7}},"28":{"start":{"line":72,"column":8},"end":{"line":72,"column":64}},"29":{"start":{"line":73,"column":8},"end":{"line":73,"column":76}},"30":{"start":{"line":75,"column":6},"end":{"line":75,"column":59}},"31":{"start":{"line":76,"column":6},"end":{"line":76,"column":90}},"32":{"start":{"line":81,"column":4},"end":{"line":123,"column":5}},"33":{"start":{"line":83,"column":26},"end":{"line":83,"column":87}},"34":{"start":{"line":86,"column":23},"end":{"line":86,"column":80}},"35":{"start":{"line":89,"column":6},"end":{"line":89,"column":71}},"36":{"start":{"line":92,"column":6},"end":{"line":104,"column":7}},"37":{"start":{"line":94,"column":8},"end":{"line":103,"column":9}},"38":{"start":{"line":96,"column":31},"end":{"line":96,"column":76}},"39":{"start":{"line":97,"column":10},"end":{"line":97,"column":57}},"40":{"start":{"line":98,"column":10},"end":{"line":98,"column":61}},"41":{"start":{"line":101,"column":10},"end":{"line":101,"column":48}},"42":{"start":{"line":102,"column":10},"end":{"line":102,"column":59}},"43":{"start":{"line":107,"column":6},"end":{"line":107,"column":22}},"44":{"start":{"line":110,"column":6},"end":{"line":113,"column":7}},"45":{"start":{"line":111,"column":8},"end":{"line":111,"column":57}},"46":{"start":{"line":112,"column":8},"end":{"line":112,"column":69}},"47":{"start":{"line":116,"column":6},"end":{"line":118,"column":7}},"48":{"start":{"line":117,"column":8},"end":{"line":117,"column":20}},"49":{"start":{"line":121,"column":6},"end":{"line":121,"column":61}},"50":{"start":{"line":122,"column":6},"end":{"line":122,"column":92}},"51":{"start":{"line":128,"column":4},"end":{"line":136,"column":5}},"52":{"start":{"line":129,"column":6},"end":{"line":131,"column":7}},"53":{"start":{"line":130,"column":8},"end":{"line":130,"column":27}},"54":{"start":{"line":133,"column":6},"end":{"line":133,"column":41}},"55":{"start":{"line":135,"column":6},"end":{"line":135,"column":38}},"56":{"start":{"line":8,"column":0},"end":{"line":8,"column":13}}},"fnMap":{"0":{"name":"(anonymous_0)","decl":{"start":{"line":13,"column":2},"end":{"line":13,"column":null}},"loc":{"start":{"line":13,"column":2},"end":{"line":17,"column":3}}},"1":{"name":"(anonymous_1)","decl":{"start":{"line":20,"column":9},"end":{"line":20,"column":18}},"loc":{"start":{"line":20,"column":18},"end":{"line":22,"column":3}}},"2":{"name":"(anonymous_2)","decl":{"start":{"line":24,"column":9},"end":{"line":24,"column":29}},"loc":{"start":{"line":24,"column":29},"end":{"line":26,"column":3}}},"3":{"name":"(anonymous_3)","decl":{"start":{"line":28,"column":9},"end":{"line":28,"column":14}},"loc":{"start":{"line":28,"column":78},"end":{"line":42,"column":3}}},"4":{"name":"(anonymous_4)","decl":{"start":{"line":31,"column":44},"end":{"line":31,"column":45}},"loc":{"start":{"line":31,"column":55},"end":{"line":36,"column":7}}},"5":{"name":"(anonymous_5)","decl":{"start":{"line":44,"column":9},"end":{"line":44,"column":14}},"loc":{"start":{"line":44,"column":82},"end":{"line":78,"column":3}}},"6":{"name":"(anonymous_6)","decl":{"start":{"line":80,"column":9},"end":{"line":80,"column":14}},"loc":{"start":{"line":80,"column":50},"end":{"line":124,"column":3}}},"7":{"name":"(anonymous_7)","decl":{"start":{"line":126,"column":10},"end":{"line":126,"column":28}},"loc":{"start":{"line":126,"column":45},"end":{"line":137,"column":3}}}},"branchMap":{"0":{"loc":{"start":{"line":28,"column":52},"end":{"line":28,"column":78}},"type":"default-arg","locations":[{"start":{"line":28,"column":72},"end":{"line":28,"column":78}}]},"1":{"loc":{"start":{"line":32,"column":8},"end":{"line":34,"column":9}},"type":"if","locations":[{"start":{"line":32,"column":8},"end":{"line":34,"column":9}},{"start":{},"end":{}}]},"2":{"loc":{"start":{"line":37,"column":13},"end":{"line":37,"column":44}},"type":"cond-expr","locations":[{"start":{"line":37,"column":23},"end":{"line":37,"column":38}},{"start":{"line":37,"column":41},"end":{"line":37,"column":44}}]},"3":{"loc":{"start":{"line":67,"column":6},"end":{"line":70,"column":7}},"type":"if","locations":[{"start":{"line":67,"column":6},"end":{"line":70,"column":7}},{"start":{},"end":{}}]},"4":{"loc":{"start":{"line":67,"column":10},"end":{"line":67,"column":57}},"type":"binary-expr","locations":[{"start":{"line":67,"column":10},"end":{"line":67,"column":24}},{"start":{"line":67,"column":28},"end":{"line":67,"column":57}}]},"5":{"loc":{"start":{"line":71,"column":6},"end":{"line":74,"column":7}},"type":"if","locations":[{"start":{"line":71,"column":6},"end":{"line":74,"column":7}},{"start":{},"end":{}}]},"6":{"loc":{"start":{"line":71,"column":10},"end":{"line":71,"column":62}},"type":"binary-expr","locations":[{"start":{"line":71,"column":10},"end":{"line":71,"column":23}},{"start":{"line":71,"column":27},"end":{"line":71,"column":62}}]},"7":{"loc":{"start":{"line":76,"column":54},"end":{"line":76,"column":86}},"type":"binary-expr","locations":[{"start":{"line":76,"column":54},"end":{"line":76,"column":67}},{"start":{"line":76,"column":71},"end":{"line":76,"column":86}}]},"8":{"loc":{"start":{"line":92,"column":6},"end":{"line":104,"column":7}},"type":"if","locations":[{"start":{"line":92,"column":6},"end":{"line":104,"column":7}},{"start":{},"end":{}}]},"9":{"loc":{"start":{"line":94,"column":8},"end":{"line":103,"column":9}},"type":"if","locations":[{"start":{"line":94,"column":8},"end":{"line":103,"column":9}},{"start":{"line":99,"column":15},"end":{"line":103,"column":9}}]},"10":{"loc":{"start":{"line":110,"column":6},"end":{"line":113,"column":7}},"type":"if","locations":[{"start":{"line":110,"column":6},"end":{"line":113,"column":7}},{"start":{},"end":{}}]},"11":{"loc":{"start":{"line":110,"column":10},"end":{"line":110,"column":56}},"type":"binary-expr","locations":[{"start":{"line":110,"column":10},"end":{"line":110,"column":23}},{"start":{"line":110,"column":27},"end":{"line":110,"column":56}}]},"12":{"loc":{"start":{"line":116,"column":6},"end":{"line":118,"column":7}},"type":"if","locations":[{"start":{"line":116,"column":6},"end":{"line":118,"column":7}},{"start":{},"end":{}}]},"13":{"loc":{"start":{"line":116,"column":10},"end":{"line":116,"column":110}},"type":"binary-expr","locations":[{"start":{"line":116,"column":10},"end":{"line":116,"column":23}},{"start":{"line":116,"column":28},"end":{"line":116,"column":64}},{"start":{"line":116,"column":68},"end":{"line":116,"column":109}}]},"14":{"loc":{"start":{"line":122,"column":56},"end":{"line":122,"column":88}},"type":"binary-expr","locations":[{"start":{"line":122,"column":56},"end":{"line":122,"column":69}},{"start":{"line":122,"column":73},"end":{"line":122,"column":88}}]},"15":{"loc":{"start":{"line":129,"column":6},"end":{"line":131,"column":7}},"type":"if","locations":[{"start":{"line":129,"column":6},"end":{"line":131,"column":7}},{"start":{},"end":{}}]}},"s":{"0":1,"1":1,"2":20,"3":20,"4":20,"5":0,"6":0,"7":8,"8":8,"9":5,"10":5,"11":2,"12":3,"13":5,"14":3,"15":3,"16":0,"17":0,"18":0,"19":0,"20":0,"21":0,"22":0,"23":0,"24":0,"25":0,"26":0,"27":0,"28":0,"29":0,"30":0,"31":0,"32":13,"33":13,"34":12,"35":11,"36":11,"37":9,"38":6,"39":6,"40":6,"41":3,"42":3,"43":2,"44":11,"45":1,"46":1,"47":10,"48":9,"49":1,"50":1,"51":6,"52":6,"53":2,"54":4,"55":0,"56":1},"f":{"0":20,"1":0,"2":0,"3":8,"4":5,"5":0,"6":13,"7":6},"b":{"0":[1],"1":[2,3],"2":[3,2],"3":[0,0],"4":[0,0],"5":[0,0],"6":[0,0],"7":[0,0],"8":[9,2],"9":[6,3],"10":[1,10],"11":[11,11],"12":[9,1],"13":[10,10,7],"14":[1,0],"15":[2,4]}}
}
