TN:
SF:src\config\stellar.ts
FNF:0
FNH:0
DA:1,5
DA:4,5
DA:5,5
DA:8,5
DA:12,5
DA:16,5
DA:19,5
DA:20,5
DA:23,5
DA:27,5
DA:32,5
LF:11
LH:11
BRDA:4,0,0,5
BRDA:4,0,1,2
BRDA:5,1,0,5
BRDA:5,1,1,5
BRDA:9,2,0,1
BRDA:9,2,1,4
BRDA:12,3,0,4
BRDA:12,3,1,1
BRDA:19,4,0,5
BRDA:19,4,1,0
BRDA:23,5,0,4
BRDA:23,5,1,1
BRDA:28,6,0,5
BRDA:28,6,1,5
BRDA:32,7,0,4
BRDA:32,7,1,1
BRF:16
BRH:15
end_of_record
TN:
SF:src\services\stellar.service.ts
FN:13,(anonymous_0)
FN:20,(anonymous_1)
FN:24,(anonymous_2)
FN:28,(anonymous_3)
FN:31,(anonymous_4)
FN:44,(anonymous_5)
FN:80,(anonymous_6)
FN:126,(anonymous_7)
FNF:8
FNH:5
FNDA:20,(anonymous_0)
FNDA:0,(anonymous_1)
FNDA:0,(anonymous_2)
FNDA:8,(anonymous_3)
FNDA:5,(anonymous_4)
FNDA:0,(anonymous_5)
FNDA:13,(anonymous_6)
FNDA:6,(anonymous_7)
DA:1,1
DA:2,1
DA:8,1
DA:14,20
DA:15,20
DA:16,20
DA:21,0
DA:25,0
DA:29,8
DA:30,8
DA:31,5
DA:32,5
DA:33,2
DA:35,3
DA:37,5
DA:39,3
DA:40,3
DA:45,0
DA:47,0
DA:50,0
DA:56,0
DA:57,0
DA:61,0
DA:64,0
DA:65,0
DA:67,0
DA:68,0
DA:69,0
DA:71,0
DA:72,0
DA:73,0
DA:75,0
DA:76,0
DA:81,13
DA:83,13
DA:86,12
DA:89,11
DA:92,11
DA:94,9
DA:96,6
DA:97,6
DA:98,6
DA:101,3
DA:102,3
DA:107,2
DA:110,11
DA:111,1
DA:112,1
DA:116,10
DA:117,9
DA:121,1
DA:122,1
DA:128,6
DA:129,6
DA:130,2
DA:133,4
DA:135,0
LF:57
LH:38
BRDA:28,0,0,1
BRDA:32,1,0,2
BRDA:32,1,1,3
BRDA:37,2,0,3
BRDA:37,2,1,2
BRDA:67,3,0,0
BRDA:67,3,1,0
BRDA:67,4,0,0
BRDA:67,4,1,0
BRDA:71,5,0,0
BRDA:71,5,1,0
BRDA:71,6,0,0
BRDA:71,6,1,0
BRDA:76,7,0,0
BRDA:76,7,1,0
BRDA:92,8,0,9
BRDA:92,8,1,2
BRDA:94,9,0,6
BRDA:94,9,1,3
BRDA:110,10,0,1
BRDA:110,10,1,10
BRDA:110,11,0,11
BRDA:110,11,1,11
BRDA:116,12,0,9
BRDA:116,12,1,1
BRDA:116,13,0,10
BRDA:116,13,1,10
BRDA:116,13,2,7
BRDA:122,14,0,1
BRDA:122,14,1,0
BRDA:129,15,0,2
BRDA:129,15,1,4
BRF:32
BRH:21
end_of_record
